<?xml version="1.0" encoding="UTF-8"?>
<!-- Generated by org.testng.reporters.JUnitXMLReporter -->
<testsuite ignored="0" hostname="DESKTOP-1B76EAG" failures="0" tests="11" name="Test" time="49.34" errors="0" timestamp="2022-08-14T18:49:21 IST">
  <testcase classname="TestNG.invocationcount" name="test_1" time="0.027"/>
  <testcase classname="TestNG.invocationcount" name="test_2" time="0.005"/>
  <testcase classname="TestNG.invocationcount" name="test_2" time="0.007"/>
  <testcase classname="TestNG.invocationcount" name="test_2" time="0.007"/>
  <testcase classname="TestNG.invocationcount" name="test_2" time="0.036"/>
  <testcase classname="TestNG.invocationcount" name="test_3" time="0.022"/>
  <testcase classname="TestNG.invocationcount" name="test_4" time="0.019"/>
  <testcase classname="TestNG.Anotation" name="test_1" time="0.007"/>
  <testcase classname="TestNG.Anotation" name="test_2" time="0.008"/>
  <testcase classname="TestNG.Test_1" name="test_1" time="0.283"/>
  <testcase classname="TestNG.Test_1" name="test_2" time="1.906"/>
</testsuite> <!-- Test -->
