<?xml version="1.0" encoding="UTF-8"?>
<testng-results ignored="0" total="1" passed="1" failed="0" skipped="0">
  <reporter-output>
  </reporter-output>
  <suite started-at="2022-08-24T17:08:14 IST" name="Default suite" finished-at="2022-08-24T17:08:36 IST" duration-ms="22167">
    <groups>
    </groups>
    <test started-at="2022-08-24T17:08:14 IST" name="Default test" finished-at="2022-08-24T17:08:36 IST" duration-ms="22167">
      <class name="iframe.Iframe">
        <test-method signature="iframe()[pri:0, instance:iframe.Iframe@3835c46]" started-at="2022-08-24T17:08:14 IST" name="iframe" finished-at="2022-08-24T17:08:36 IST" duration-ms="22083" status="PASS">
          <reporter-output>
          </reporter-output>
        </test-method> <!-- iframe -->
      </class> <!-- iframe.Iframe -->
    </test> <!-- Default test -->
  </suite> <!-- Default suite -->
</testng-results>
